# JRE version: Java(TM) SE Runtime Environment (8.0_91-b14) (build 1.8.0_91-b14)
# Java VM: Java HotSpot(TM) 64-Bit Server VM (25.91-b14 mixed mode linux-amd64 compressed oops)
Heap:
 PSYoungGen      total 140288K, used 0K [0x00000000f5800000, 0x00000000ffe00000, 0x0000000100000000)
  eden space 112640K, 0% used [0x00000000f5800000,0x00000000f5800000,0x00000000fc600000)
  from space 27648K, 0% used [0x00000000fe300000,0x00000000fe300000,0x00000000ffe00000)
  to   space 28672K, 0% used [0x00000000fc600000,0x00000000fc600000,0x00000000fe200000)
 ParOldGen       total 184320K, used 180267K [0x00000000e0800000, 0x00000000ebc00000, 0x00000000f5800000)
  object space 184320K, 97% used [0x00000000e0800000,0x00000000eb80ac58,0x00000000ebc00000)
 Metaspace       used 21387K, capacity 24127K, committed 24368K, reserved 1067008K
  class space    used 4851K, capacity 5863K, committed 5936K, reserved 1048576K
GC Heap History (10 events):
Event: 242.143 GC heap after
Heap after GC invocations=37 (full 5):
 PSYoungGen      total 138240K, used 21792K [0x00000000f5800000, 0x0000000100000000, 0x0000000100000000)
  eden space 107520K, 0% used [0x00000000f5800000,0x00000000f5800000,0x00000000fc100000)
  from space 30720K, 70% used [0x00000000fe200000,0x00000000ff748000,0x0000000100000000)
  to   space 32256K, 0% used [0x00000000fc100000,0x00000000fc100000,0x00000000fe080000)
 ParOldGen       total 184320K, used 136101K [0x00000000e0800000, 0x00000000ebc00000, 0x00000000f5800000)
  object space 184320K, 73% used [0x00000000e0800000,0x00000000e8ce97e8,0x00000000ebc00000)
 Metaspace       used 21387K, capacity 24127K, committed 24368K, reserved 1067008K
  class space    used 4851K, capacity 5863K, committed 5936K, reserved 1048576K
}
Event: 242.579 GC heap before
{Heap before GC invocations=38 (full 5):
 PSYoungGen      total 138240K, used 129312K [0x00000000f5800000, 0x0000000100000000, 0x0000000100000000)
  eden space 107520K, 100% used [0x00000000f5800000,0x00000000fc100000,0x00000000fc100000)
  from space 30720K, 70% used [0x00000000fe200000,0x00000000ff748000,0x0000000100000000)
  to   space 32256K, 0% used [0x00000000fc100000,0x00000000fc100000,0x00000000fe080000)
 ParOldGen       total 184320K, used 136101K [0x00000000e0800000, 0x00000000ebc00000, 0x00000000f5800000)
  object space 184320K, 73% used [0x00000000e0800000,0x00000000e8ce97e8,0x00000000ebc00000)
 Metaspace       used 21387K, capacity 24127K, committed 24368K, reserved 1067008K
  class space    used 4851K, capacity 5863K, committed 5936K, reserved 1048576K
Event: 242.614 GC heap after
Heap after GC invocations=38 (full 5):
 PSYoungGen      total 139776K, used 16848K [0x00000000f5800000, 0x00000000fff80000, 0x0000000100000000)
  eden space 107520K, 0% used [0x00000000f5800000,0x00000000f5800000,0x00000000fc100000)
  from space 32256K, 52% used [0x00000000fc100000,0x00000000fd174010,0x00000000fe080000)
  to   space 31232K, 0% used [0x00000000fe100000,0x00000000fe100000,0x00000000fff80000)
 ParOldGen       total 184320K, used 145045K [0x00000000e0800000, 0x00000000ebc00000, 0x00000000f5800000)
  object space 184320K, 78% used [0x00000000e0800000,0x00000000e95a57e8,0x00000000ebc00000)
 Metaspace       used 21387K, capacity 24127K, committed 24368K, reserved 1067008K
  class space    used 4851K, capacity 5863K, committed 5936K, reserved 1048576K
}
Event: 243.063 GC heap before
{Heap before GC invocations=39 (full 5):
 PSYoungGen      total 139776K, used 124368K [0x00000000f5800000, 0x00000000fff80000, 0x0000000100000000)
  eden space 107520K, 100% used [0x00000000f5800000,0x00000000fc100000,0x00000000fc100000)
  from space 32256K, 52% used [0x00000000fc100000,0x00000000fd174010,0x00000000fe080000)
  to   space 31232K, 0% used [0x00000000fe100000,0x00000000fe100000,0x00000000fff80000)
 ParOldGen       total 184320K, used 145045K [0x00000000e0800000, 0x00000000ebc00000, 0x00000000f5800000)
  object space 184320K, 78% used [0x00000000e0800000,0x00000000e95a57e8,0x00000000ebc00000)
 Metaspace       used 21387K, capacity 24127K, committed 24368K, reserved 1067008K
  class space    used 4851K, capacity 5863K, committed 5936K, reserved 1048576K
Event: 243.100 GC heap after
Heap after GC invocations=39 (full 5):
 PSYoungGen      total 137216K, used 12032K [0x00000000f5800000, 0x00000000ffd00000, 0x0000000100000000)
  eden space 108544K, 0% used [0x00000000f5800000,0x00000000f5800000,0x00000000fc200000)
  from space 28672K, 41% used [0x00000000fe100000,0x00000000fecc0000,0x00000000ffd00000)
  to   space 30208K, 0% used [0x00000000fc200000,0x00000000fc200000,0x00000000fdf80000)
 ParOldGen       total 184320K, used 153853K [0x00000000e0800000, 0x00000000ebc00000, 0x00000000f5800000)
  object space 184320K, 83% used [0x00000000e0800000,0x00000000e9e3f7e8,0x00000000ebc00000)
 Metaspace       used 21387K, capacity 24127K, committed 24368K, reserved 1067008K
  class space    used 4851K, capacity 5863K, committed 5936K, reserved 1048576K
}
Event: 243.647 GC heap before
{Heap before GC invocations=40 (full 5):
 PSYoungGen      total 137216K, used 120576K [0x00000000f5800000, 0x00000000ffd00000, 0x0000000100000000)
  eden space 108544K, 100% used [0x00000000f5800000,0x00000000fc200000,0x00000000fc200000)
  from space 28672K, 41% used [0x00000000fe100000,0x00000000fecc0000,0x00000000ffd00000)
  to   space 30208K, 0% used [0x00000000fc200000,0x00000000fc200000,0x00000000fdf80000)
 ParOldGen       total 184320K, used 153853K [0x00000000e0800000, 0x00000000ebc00000, 0x00000000f5800000)
  object space 184320K, 83% used [0x00000000e0800000,0x00000000e9e3f7e8,0x00000000ebc00000)
 Metaspace       used 21387K, capacity 24127K, committed 24368K, reserved 1067008K
  class space    used 4851K, capacity 5863K, committed 5936K, reserved 1048576K
Event: 243.684 GC heap after
Heap after GC invocations=40 (full 5):
 PSYoungGen      total 138752K, used 9440K [0x00000000f5800000, 0x00000000fff80000, 0x0000000100000000)
  eden space 108544K, 0% used [0x00000000f5800000,0x00000000f5800000,0x00000000fc200000)
  from space 30208K, 31% used [0x00000000fc200000,0x00000000fcb38000,0x00000000fdf80000)
  to   space 29184K, 0% used [0x00000000fe300000,0x00000000fe300000,0x00000000fff80000)
 ParOldGen       total 184320K, used 161861K [0x00000000e0800000, 0x00000000ebc00000, 0x00000000f5800000)
  object space 184320K, 87% used [0x00000000e0800000,0x00000000ea6117e8,0x00000000ebc00000)
 Metaspace       used 21387K, capacity 24127K, committed 24368K, reserved 1067008K
  class space    used 4851K, capacity 5863K, committed 5936K, reserved 1048576K
}
Event: 244.395 GC heap before
{Heap before GC invocations=41 (full 5):
 PSYoungGen      total 138752K, used 117984K [0x00000000f5800000, 0x00000000fff80000, 0x0000000100000000)
  eden space 108544K, 100% used [0x00000000f5800000,0x00000000fc200000,0x00000000fc200000)
  from space 30208K, 31% used [0x00000000fc200000,0x00000000fcb38000,0x00000000fdf80000)
  to   space 29184K, 0% used [0x00000000fe300000,0x00000000fe300000,0x00000000fff80000)
 ParOldGen       total 184320K, used 161861K [0x00000000e0800000, 0x00000000ebc00000, 0x00000000f5800000)
  object space 184320K, 87% used [0x00000000e0800000,0x00000000ea6117e8,0x00000000ebc00000)
 Metaspace       used 21387K, capacity 24127K, committed 24368K, reserved 1067008K
  class space    used 4851K, capacity 5863K, committed 5936K, reserved 1048576K
Event: 244.441 GC heap after
Heap after GC invocations=41 (full 5):
 PSYoungGen      total 140288K, used 9856K [0x00000000f5800000, 0x00000000ffe00000, 0x0000000100000000)
  eden space 112640K, 0% used [0x00000000f5800000,0x00000000f5800000,0x00000000fc600000)
  from space 27648K, 35% used [0x00000000fe300000,0x00000000feca0000,0x00000000ffe00000)
  to   space 28672K, 0% used [0x00000000fc600000,0x00000000fc600000,0x00000000fe200000)
 ParOldGen       total 184320K, used 171237K [0x00000000e0800000, 0x00000000ebc00000, 0x00000000f5800000)
  object space 184320K, 92% used [0x00000000e0800000,0x00000000eaf397e8,0x00000000ebc00000)
 Metaspace       used 21387K, capacity 24127K, committed 24368K, reserved 1067008K
  class space    used 4851K, capacity 5863K, committed 5936K, reserved 1048576K
}
Event: 244.441 GC heap before
{Heap before GC invocations=42 (full 6):
 PSYoungGen      total 140288K, used 9856K [0x00000000f5800000, 0x00000000ffe00000, 0x0000000100000000)
  eden space 112640K, 0% used [0x00000000f5800000,0x00000000f5800000,0x00000000fc600000)
  from space 27648K, 35% used [0x00000000fe300000,0x00000000feca0000,0x00000000ffe00000)
  to   space 28672K, 0% used [0x00000000fc600000,0x00000000fc600000,0x00000000fe200000)
 ParOldGen       total 184320K, used 171237K [0x00000000e0800000, 0x00000000ebc00000, 0x00000000f5800000)
  object space 184320K, 92% used [0x00000000e0800000,0x00000000eaf397e8,0x00000000ebc00000)
 Metaspace       used 21387K, capacity 24127K, committed 24368K, reserved 1067008K
  class space    used 4851K, capacity 5863K, committed 5936K, reserved 1048576K

