# JRE version: Java(TM) SE Runtime Environment (8.0_91-b14) (build 1.8.0_91-b14)
# Java VM: Java HotSpot(TM) 64-Bit Server VM (25.91-b14 mixed mode linux-amd64 compressed oops)
Heap:
 PSYoungGen      total 114688K, used 27611K [0x00000000f5800000, 0x0000000100000000, 0x0000000100000000)
  eden space 57344K, 0% used [0x00000000f5800000,0x00000000f5800000,0x00000000f9000000)
  from space 57344K, 48% used [0x00000000f9000000,0x00000000faaf6e98,0x00000000fc800000)
  to   space 57344K, 0% used [0x00000000fc800000,0x00000000fc800000,0x0000000100000000)
 ParOldGen       total 173056K, used 172671K [0x00000000e0800000, 0x00000000eb100000, 0x00000000f5800000)
  object space 173056K, 99% used [0x00000000e0800000,0x00000000eb09feb0,0x00000000eb100000)
 Metaspace       used 20373K, capacity 22299K, committed 23984K, reserved 1067008K
  class space    used 4451K, capacity 5249K, committed 5808K, reserved 1048576K
GC Heap History (10 events):
Event: 438.028 GC heap after
Heap after GC invocations=42 (full 5):
 PSYoungGen      total 132096K, used 37632K [0x00000000f5800000, 0x0000000100000000, 0x0000000100000000)
  eden space 94208K, 0% used [0x00000000f5800000,0x00000000f5800000,0x00000000fb400000)
  from space 37888K, 99% used [0x00000000fb400000,0x00000000fd8c0000,0x00000000fd900000)
  to   space 39936K, 0% used [0x00000000fd900000,0x00000000fd900000,0x0000000100000000)
 ParOldGen       total 173056K, used 137591K [0x00000000e0800000, 0x00000000eb100000, 0x00000000f5800000)
  object space 173056K, 79% used [0x00000000e0800000,0x00000000e8e5dca8,0x00000000eb100000)
 Metaspace       used 20373K, capacity 22299K, committed 23984K, reserved 1067008K
  class space    used 4451K, capacity 5249K, committed 5808K, reserved 1048576K
}
Event: 438.734 GC heap before
{Heap before GC invocations=43 (full 5):
 PSYoungGen      total 132096K, used 131840K [0x00000000f5800000, 0x0000000100000000, 0x0000000100000000)
  eden space 94208K, 100% used [0x00000000f5800000,0x00000000fb400000,0x00000000fb400000)
  from space 37888K, 99% used [0x00000000fb400000,0x00000000fd8c0000,0x00000000fd900000)
  to   space 39936K, 0% used [0x00000000fd900000,0x00000000fd900000,0x0000000100000000)
 ParOldGen       total 173056K, used 137591K [0x00000000e0800000, 0x00000000eb100000, 0x00000000f5800000)
  object space 173056K, 79% used [0x00000000e0800000,0x00000000e8e5dca8,0x00000000eb100000)
 Metaspace       used 20373K, capacity 22299K, committed 23984K, reserved 1067008K
  class space    used 4451K, capacity 5249K, committed 5808K, reserved 1048576K
Event: 438.805 GC heap after
Heap after GC invocations=43 (full 5):
 PSYoungGen      total 109568K, used 39936K [0x00000000f5800000, 0x0000000100000000, 0x0000000100000000)
  eden space 69632K, 0% used [0x00000000f5800000,0x00000000f5800000,0x00000000f9c00000)
  from space 39936K, 100% used [0x00000000fd900000,0x0000000100000000,0x0000000100000000)
  to   space 51200K, 0% used [0x00000000f9c00000,0x00000000f9c00000,0x00000000fce00000)
 ParOldGen       total 173056K, used 143735K [0x00000000e0800000, 0x00000000eb100000, 0x00000000f5800000)
  object space 173056K, 83% used [0x00000000e0800000,0x00000000e945dca8,0x00000000eb100000)
 Metaspace       used 20373K, capacity 22299K, committed 23984K, reserved 1067008K
  class space    used 4451K, capacity 5249K, committed 5808K, reserved 1048576K
}
Event: 439.285 GC heap before
{Heap before GC invocations=44 (full 5):
 PSYoungGen      total 109568K, used 109568K [0x00000000f5800000, 0x0000000100000000, 0x0000000100000000)
  eden space 69632K, 100% used [0x00000000f5800000,0x00000000f9c00000,0x00000000f9c00000)
  from space 39936K, 100% used [0x00000000fd900000,0x0000000100000000,0x0000000100000000)
  to   space 51200K, 0% used [0x00000000f9c00000,0x00000000f9c00000,0x00000000fce00000)
 ParOldGen       total 173056K, used 143735K [0x00000000e0800000, 0x00000000eb100000, 0x00000000f5800000)
  object space 173056K, 83% used [0x00000000e0800000,0x00000000e945dca8,0x00000000eb100000)
 Metaspace       used 20373K, capacity 22299K, committed 23984K, reserved 1067008K
  class space    used 4451K, capacity 5249K, committed 5808K, reserved 1048576K
Event: 439.344 GC heap after
Heap after GC invocations=44 (full 5):
 PSYoungGen      total 112128K, used 42496K [0x00000000f5800000, 0x0000000100000000, 0x0000000100000000)
  eden space 69632K, 0% used [0x00000000f5800000,0x00000000f5800000,0x00000000f9c00000)
  from space 42496K, 100% used [0x00000000f9c00000,0x00000000fc580000,0x00000000fc580000)
  to   space 55808K, 0% used [0x00000000fc980000,0x00000000fc980000,0x0000000100000000)
 ParOldGen       total 173056K, used 147447K [0x00000000e0800000, 0x00000000eb100000, 0x00000000f5800000)
  object space 173056K, 85% used [0x00000000e0800000,0x00000000e97fdca8,0x00000000eb100000)
 Metaspace       used 20373K, capacity 22299K, committed 23984K, reserved 1067008K
  class space    used 4451K, capacity 5249K, committed 5808K, reserved 1048576K
}
Event: 439.826 GC heap before
{Heap before GC invocations=45 (full 5):
 PSYoungGen      total 112128K, used 112128K [0x00000000f5800000, 0x0000000100000000, 0x0000000100000000)
  eden space 69632K, 100% used [0x00000000f5800000,0x00000000f9c00000,0x00000000f9c00000)
  from space 42496K, 100% used [0x00000000f9c00000,0x00000000fc580000,0x00000000fc580000)
  to   space 55808K, 0% used [0x00000000fc980000,0x00000000fc980000,0x0000000100000000)
 ParOldGen       total 173056K, used 147447K [0x00000000e0800000, 0x00000000eb100000, 0x00000000f5800000)
  object space 173056K, 85% used [0x00000000e0800000,0x00000000e97fdca8,0x00000000eb100000)
 Metaspace       used 20373K, capacity 22299K, committed 23984K, reserved 1067008K
  class space    used 4451K, capacity 5249K, committed 5808K, reserved 1048576K
Event: 439.890 GC heap after
Heap after GC invocations=45 (full 5):
 PSYoungGen      total 113152K, used 41248K [0x00000000f5800000, 0x0000000100000000, 0x0000000100000000)
  eden space 57344K, 0% used [0x00000000f5800000,0x00000000f5800000,0x00000000f9000000)
  from space 55808K, 73% used [0x00000000fc980000,0x00000000ff1c8000,0x0000000100000000)
  to   space 57344K, 0% used [0x00000000f9000000,0x00000000f9000000,0x00000000fc800000)
 ParOldGen       total 173056K, used 154823K [0x00000000e0800000, 0x00000000eb100000, 0x00000000f5800000)
  object space 173056K, 89% used [0x00000000e0800000,0x00000000e9f31ca8,0x00000000eb100000)
 Metaspace       used 20373K, capacity 22299K, committed 23984K, reserved 1067008K
  class space    used 4451K, capacity 5249K, committed 5808K, reserved 1048576K
}
Event: 440.348 GC heap before
{Heap before GC invocations=46 (full 5):
 PSYoungGen      total 113152K, used 98592K [0x00000000f5800000, 0x0000000100000000, 0x0000000100000000)
  eden space 57344K, 100% used [0x00000000f5800000,0x00000000f9000000,0x00000000f9000000)
  from space 55808K, 73% used [0x00000000fc980000,0x00000000ff1c8000,0x0000000100000000)
  to   space 57344K, 0% used [0x00000000f9000000,0x00000000f9000000,0x00000000fc800000)
 ParOldGen       total 173056K, used 154823K [0x00000000e0800000, 0x00000000eb100000, 0x00000000f5800000)
  object space 173056K, 89% used [0x00000000e0800000,0x00000000e9f31ca8,0x00000000eb100000)
 Metaspace       used 20373K, capacity 22299K, committed 23984K, reserved 1067008K
  class space    used 4451K, capacity 5249K, committed 5808K, reserved 1048576K
Event: 440.404 GC heap after
Heap after GC invocations=46 (full 5):
 PSYoungGen      total 114688K, used 38976K [0x00000000f5800000, 0x0000000100000000, 0x0000000100000000)
  eden space 57344K, 0% used [0x00000000f5800000,0x00000000f5800000,0x00000000f9000000)
  from space 57344K, 67% used [0x00000000f9000000,0x00000000fb610000,0x00000000fc800000)
  to   space 57344K, 0% used [0x00000000fc800000,0x00000000fc800000,0x0000000100000000)
 ParOldGen       total 173056K, used 162135K [0x00000000e0800000, 0x00000000eb100000, 0x00000000f5800000)
  object space 173056K, 93% used [0x00000000e0800000,0x00000000ea655ca8,0x00000000eb100000)
 Metaspace       used 20373K, capacity 22299K, committed 23984K, reserved 1067008K
  class space    used 4451K, capacity 5249K, committed 5808K, reserved 1048576K
}
Event: 440.404 GC heap before
{Heap before GC invocations=47 (full 6):
 PSYoungGen      total 114688K, used 38976K [0x00000000f5800000, 0x0000000100000000, 0x0000000100000000)
  eden space 57344K, 0% used [0x00000000f5800000,0x00000000f5800000,0x00000000f9000000)
  from space 57344K, 67% used [0x00000000f9000000,0x00000000fb610000,0x00000000fc800000)
  to   space 57344K, 0% used [0x00000000fc800000,0x00000000fc800000,0x0000000100000000)
 ParOldGen       total 173056K, used 162135K [0x00000000e0800000, 0x00000000eb100000, 0x00000000f5800000)
  object space 173056K, 93% used [0x00000000e0800000,0x00000000ea655ca8,0x00000000eb100000)
 Metaspace       used 20373K, capacity 22299K, committed 23984K, reserved 1067008K
  class space    used 4451K, capacity 5249K, committed 5808K, reserved 1048576K

