# JRE version: Java(TM) SE Runtime Environment (8.0_91-b14) (build 1.8.0_91-b14)
# Java VM: Java HotSpot(TM) 64-Bit Server VM (25.91-b14 mixed mode linux-amd64 compressed oops)
Heap:
 PSYoungGen      total 154624K, used 0K [0x00000000f5800000, 0x00000000fff00000, 0x0000000100000000)
  eden space 140288K, 0% used [0x00000000f5800000,0x00000000f5800000,0x00000000fe100000)
  from space 14336K, 0% used [0x00000000ff100000,0x00000000ff100000,0x00000000fff00000)
  to   space 15360K, 0% used [0x00000000fe100000,0x00000000fe100000,0x00000000ff000000)
 ParOldGen       total 78848K, used 64746K [0x00000000e0800000, 0x00000000e5500000, 0x00000000f5800000)
  object space 78848K, 82% used [0x00000000e0800000,0x00000000e473aaf8,0x00000000e5500000)
 Metaspace       used 20196K, capacity 22075K, committed 24320K, reserved 1067008K
  class space    used 4343K, capacity 5097K, committed 5888K, reserved 1048576K
GC Heap History (10 events):
Event: 1237.357 GC heap after
Heap after GC invocations=15 (full 2):
 PSYoungGen      total 159744K, used 12256K [0x00000000f5800000, 0x0000000100000000, 0x0000000100000000)
  eden space 147456K, 0% used [0x00000000f5800000,0x00000000f5800000,0x00000000fe800000)
  from space 12288K, 99% used [0x00000000fe800000,0x00000000ff3f8010,0x00000000ff400000)
  to   space 12288K, 0% used [0x00000000ff400000,0x00000000ff400000,0x0000000100000000)
 ParOldGen       total 49152K, used 33462K [0x00000000e0800000, 0x00000000e3800000, 0x00000000f5800000)
  object space 49152K, 68% used [0x00000000e0800000,0x00000000e28ad9d8,0x00000000e3800000)
 Metaspace       used 20196K, capacity 22075K, committed 24320K, reserved 1067008K
  class space    used 4343K, capacity 5097K, committed 5888K, reserved 1048576K
}
Event: 1238.471 GC heap before
{Heap before GC invocations=16 (full 2):
 PSYoungGen      total 159744K, used 159712K [0x00000000f5800000, 0x0000000100000000, 0x0000000100000000)
  eden space 147456K, 100% used [0x00000000f5800000,0x00000000fe800000,0x00000000fe800000)
  from space 12288K, 99% used [0x00000000fe800000,0x00000000ff3f8010,0x00000000ff400000)
  to   space 12288K, 0% used [0x00000000ff400000,0x00000000ff400000,0x0000000100000000)
 ParOldGen       total 49152K, used 33462K [0x00000000e0800000, 0x00000000e3800000, 0x00000000f5800000)
  object space 49152K, 68% used [0x00000000e0800000,0x00000000e28ad9d8,0x00000000e3800000)
 Metaspace       used 20196K, capacity 22075K, committed 24320K, reserved 1067008K
  class space    used 4343K, capacity 5097K, committed 5888K, reserved 1048576K
Event: 1238.507 GC heap after
Heap after GC invocations=16 (full 2):
 PSYoungGen      total 151552K, used 4608K [0x00000000f5800000, 0x0000000100000000, 0x0000000100000000)
  eden space 139264K, 0% used [0x00000000f5800000,0x00000000f5800000,0x00000000fe000000)
  from space 12288K, 37% used [0x00000000ff400000,0x00000000ff880000,0x0000000100000000)
  to   space 16384K, 0% used [0x00000000fe000000,0x00000000fe000000,0x00000000ff000000)
 ParOldGen       total 49152K, used 45526K [0x00000000e0800000, 0x00000000e3800000, 0x00000000f5800000)
  object space 49152K, 92% used [0x00000000e0800000,0x00000000e34759e8,0x00000000e3800000)
 Metaspace       used 20196K, capacity 22075K, committed 24320K, reserved 1067008K
  class space    used 4343K, capacity 5097K, committed 5888K, reserved 1048576K
}
Event: 1238.507 GC heap before
{Heap before GC invocations=17 (full 3):
 PSYoungGen      total 151552K, used 4608K [0x00000000f5800000, 0x0000000100000000, 0x0000000100000000)
  eden space 139264K, 0% used [0x00000000f5800000,0x00000000f5800000,0x00000000fe000000)
  from space 12288K, 37% used [0x00000000ff400000,0x00000000ff880000,0x0000000100000000)
  to   space 16384K, 0% used [0x00000000fe000000,0x00000000fe000000,0x00000000ff000000)
 ParOldGen       total 49152K, used 45526K [0x00000000e0800000, 0x00000000e3800000, 0x00000000f5800000)
  object space 49152K, 92% used [0x00000000e0800000,0x00000000e34759e8,0x00000000e3800000)
 Metaspace       used 20196K, capacity 22075K, committed 24320K, reserved 1067008K
  class space    used 4343K, capacity 5097K, committed 5888K, reserved 1048576K
Event: 1238.674 GC heap after
Heap after GC invocations=17 (full 3):
 PSYoungGen      total 151552K, used 0K [0x00000000f5800000, 0x0000000100000000, 0x0000000100000000)
  eden space 139264K, 0% used [0x00000000f5800000,0x00000000f5800000,0x00000000fe000000)
  from space 12288K, 0% used [0x00000000ff400000,0x00000000ff400000,0x0000000100000000)
  to   space 16384K, 0% used [0x00000000fe000000,0x00000000fe000000,0x00000000ff000000)
 ParOldGen       total 78848K, used 46675K [0x00000000e0800000, 0x00000000e5500000, 0x00000000f5800000)
  object space 78848K, 59% used [0x00000000e0800000,0x00000000e3594d28,0x00000000e5500000)
 Metaspace       used 20196K, capacity 22075K, committed 24320K, reserved 1067008K
  class space    used 4343K, capacity 5097K, committed 5888K, reserved 1048576K
}
Event: 1239.841 GC heap before
{Heap before GC invocations=18 (full 3):
 PSYoungGen      total 151552K, used 139264K [0x00000000f5800000, 0x0000000100000000, 0x0000000100000000)
  eden space 139264K, 100% used [0x00000000f5800000,0x00000000fe000000,0x00000000fe000000)
  from space 12288K, 0% used [0x00000000ff400000,0x00000000ff400000,0x0000000100000000)
  to   space 16384K, 0% used [0x00000000fe000000,0x00000000fe000000,0x00000000ff000000)
 ParOldGen       total 78848K, used 46675K [0x00000000e0800000, 0x00000000e5500000, 0x00000000f5800000)
  object space 78848K, 59% used [0x00000000e0800000,0x00000000e3594d28,0x00000000e5500000)
 Metaspace       used 20196K, capacity 22075K, committed 24320K, reserved 1067008K
  class space    used 4343K, capacity 5097K, committed 5888K, reserved 1048576K
Event: 1239.859 GC heap after
Heap after GC invocations=18 (full 3):
 PSYoungGen      total 155648K, used 5344K [0x00000000f5800000, 0x0000000100000000, 0x0000000100000000)
  eden space 139264K, 0% used [0x00000000f5800000,0x00000000f5800000,0x00000000fe000000)
  from space 16384K, 32% used [0x00000000fe000000,0x00000000fe538000,0x00000000ff000000)
  to   space 15360K, 0% used [0x00000000ff100000,0x00000000ff100000,0x0000000100000000)
 ParOldGen       total 78848K, used 46683K [0x00000000e0800000, 0x00000000e5500000, 0x00000000f5800000)
  object space 78848K, 59% used [0x00000000e0800000,0x00000000e3596d28,0x00000000e5500000)
 Metaspace       used 20196K, capacity 22075K, committed 24320K, reserved 1067008K
  class space    used 4343K, capacity 5097K, committed 5888K, reserved 1048576K
}
Event: 1240.771 GC heap before
{Heap before GC invocations=19 (full 3):
 PSYoungGen      total 155648K, used 144608K [0x00000000f5800000, 0x0000000100000000, 0x0000000100000000)
  eden space 139264K, 100% used [0x00000000f5800000,0x00000000fe000000,0x00000000fe000000)
  from space 16384K, 32% used [0x00000000fe000000,0x00000000fe538000,0x00000000ff000000)
  to   space 15360K, 0% used [0x00000000ff100000,0x00000000ff100000,0x0000000100000000)
 ParOldGen       total 78848K, used 46683K [0x00000000e0800000, 0x00000000e5500000, 0x00000000f5800000)
  object space 78848K, 59% used [0x00000000e0800000,0x00000000e3596d28,0x00000000e5500000)
 Metaspace       used 20196K, capacity 22075K, committed 24320K, reserved 1067008K
  class space    used 4343K, capacity 5097K, committed 5888K, reserved 1048576K
Event: 1240.818 GC heap after
Heap after GC invocations=19 (full 3):
 PSYoungGen      total 154624K, used 3616K [0x00000000f5800000, 0x00000000fff00000, 0x0000000100000000)
  eden space 140288K, 0% used [0x00000000f5800000,0x00000000f5800000,0x00000000fe100000)
  from space 14336K, 25% used [0x00000000ff100000,0x00000000ff488000,0x00000000fff00000)
  to   space 15360K, 0% used [0x00000000fe100000,0x00000000fe100000,0x00000000ff000000)
 ParOldGen       total 78848K, used 72891K [0x00000000e0800000, 0x00000000e5500000, 0x00000000f5800000)
  object space 78848K, 92% used [0x00000000e0800000,0x00000000e4f2ed38,0x00000000e5500000)
 Metaspace       used 20196K, capacity 22075K, committed 24320K, reserved 1067008K
  class space    used 4343K, capacity 5097K, committed 5888K, reserved 1048576K
}
Event: 1240.818 GC heap before
{Heap before GC invocations=20 (full 4):
 PSYoungGen      total 154624K, used 3616K [0x00000000f5800000, 0x00000000fff00000, 0x0000000100000000)
  eden space 140288K, 0% used [0x00000000f5800000,0x00000000f5800000,0x00000000fe100000)
  from space 14336K, 25% used [0x00000000ff100000,0x00000000ff488000,0x00000000fff00000)
  to   space 15360K, 0% used [0x00000000fe100000,0x00000000fe100000,0x00000000ff000000)
 ParOldGen       total 78848K, used 72891K [0x00000000e0800000, 0x00000000e5500000, 0x00000000f5800000)
  object space 78848K, 92% used [0x00000000e0800000,0x00000000e4f2ed38,0x00000000e5500000)
 Metaspace       used 20196K, capacity 22075K, committed 24320K, reserved 1067008K
  class space    used 4343K, capacity 5097K, committed 5888K, reserved 1048576K

