# JRE version: Java(TM) SE Runtime Environment (8.0_91-b14) (build 1.8.0_91-b14)
# Java VM: Java HotSpot(TM) 64-Bit Server VM (25.91-b14 mixed mode linux-amd64 compressed oops)
Heap:
 PSYoungGen      total 151040K, used 0K [0x00000000f5800000, 0x00000000fff00000, 0x0000000100000000)
  eden space 132096K, 0% used [0x00000000f5800000,0x00000000f5800000,0x00000000fd900000)
  from space 18944K, 0% used [0x00000000fd900000,0x00000000fd900000,0x00000000feb80000)
  to   space 17920K, 0% used [0x00000000fed80000,0x00000000fed80000,0x00000000fff00000)
 ParOldGen       total 96768K, used 92509K [0x00000000e0800000, 0x00000000e6680000, 0x00000000f5800000)
  object space 96768K, 95% used [0x00000000e0800000,0x00000000e6257538,0x00000000e6680000)
 Metaspace       used 20266K, capacity 22147K, committed 24704K, reserved 1069056K
  class space    used 4376K, capacity 5121K, committed 6016K, reserved 1048576K
GC Heap History (10 events):
Event: 79187.706 GC heap after
Heap after GC invocations=223 (full 4):
 PSYoungGen      total 150016K, used 9310K [0x00000000f5800000, 0x0000000100000000, 0x0000000100000000)
  eden space 128000K, 0% used [0x00000000f5800000,0x00000000f5800000,0x00000000fd500000)
  from space 22016K, 42% used [0x00000000fd500000,0x00000000fde17918,0x00000000fea80000)
  to   space 20992K, 0% used [0x00000000feb80000,0x00000000feb80000,0x0000000100000000)
 ParOldGen       total 96768K, used 61666K [0x00000000e0800000, 0x00000000e6680000, 0x00000000f5800000)
  object space 96768K, 63% used [0x00000000e0800000,0x00000000e4438a50,0x00000000e6680000)
 Metaspace       used 20266K, capacity 22147K, committed 24704K, reserved 1069056K
  class space    used 4376K, capacity 5121K, committed 6016K, reserved 1048576K
}
Event: 79188.251 GC heap before
{Heap before GC invocations=224 (full 4):
 PSYoungGen      total 150016K, used 137310K [0x00000000f5800000, 0x0000000100000000, 0x0000000100000000)
  eden space 128000K, 100% used [0x00000000f5800000,0x00000000fd500000,0x00000000fd500000)
  from space 22016K, 42% used [0x00000000fd500000,0x00000000fde17918,0x00000000fea80000)
  to   space 20992K, 0% used [0x00000000feb80000,0x00000000feb80000,0x0000000100000000)
 ParOldGen       total 96768K, used 61666K [0x00000000e0800000, 0x00000000e6680000, 0x00000000f5800000)
  object space 96768K, 63% used [0x00000000e0800000,0x00000000e4438a50,0x00000000e6680000)
 Metaspace       used 20266K, capacity 22147K, committed 24704K, reserved 1069056K
  class space    used 4376K, capacity 5121K, committed 6016K, reserved 1048576K
Event: 79188.301 GC heap after
Heap after GC invocations=224 (full 4):
 PSYoungGen      total 147968K, used 4800K [0x00000000f5800000, 0x00000000ffe00000, 0x0000000100000000)
  eden space 129024K, 0% used [0x00000000f5800000,0x00000000f5800000,0x00000000fd600000)
  from space 18944K, 25% used [0x00000000feb80000,0x00000000ff030000,0x00000000ffe00000)
  to   space 20480K, 0% used [0x00000000fd600000,0x00000000fd600000,0x00000000fea00000)
 ParOldGen       total 96768K, used 71034K [0x00000000e0800000, 0x00000000e6680000, 0x00000000f5800000)
  object space 96768K, 73% used [0x00000000e0800000,0x00000000e4d5ea50,0x00000000e6680000)
 Metaspace       used 20266K, capacity 22147K, committed 24704K, reserved 1069056K
  class space    used 4376K, capacity 5121K, committed 6016K, reserved 1048576K
}
Event: 79188.792 GC heap before
{Heap before GC invocations=225 (full 4):
 PSYoungGen      total 147968K, used 133824K [0x00000000f5800000, 0x00000000ffe00000, 0x0000000100000000)
  eden space 129024K, 100% used [0x00000000f5800000,0x00000000fd600000,0x00000000fd600000)
  from space 18944K, 25% used [0x00000000feb80000,0x00000000ff030000,0x00000000ffe00000)
  to   space 20480K, 0% used [0x00000000fd600000,0x00000000fd600000,0x00000000fea00000)
 ParOldGen       total 96768K, used 71034K [0x00000000e0800000, 0x00000000e6680000, 0x00000000f5800000)
  object space 96768K, 73% used [0x00000000e0800000,0x00000000e4d5ea50,0x00000000e6680000)
 Metaspace       used 20266K, capacity 22147K, committed 24704K, reserved 1069056K
  class space    used 4376K, capacity 5121K, committed 6016K, reserved 1048576K
Event: 79188.811 GC heap after
Heap after GC invocations=225 (full 4):
 PSYoungGen      total 149504K, used 5088K [0x00000000f5800000, 0x00000000fff80000, 0x0000000100000000)
  eden space 129024K, 0% used [0x00000000f5800000,0x00000000f5800000,0x00000000fd600000)
  from space 20480K, 24% used [0x00000000fd600000,0x00000000fdaf8000,0x00000000fea00000)
  to   space 19456K, 0% used [0x00000000fec80000,0x00000000fec80000,0x00000000fff80000)
 ParOldGen       total 96768K, used 75794K [0x00000000e0800000, 0x00000000e6680000, 0x00000000f5800000)
  object space 96768K, 78% used [0x00000000e0800000,0x00000000e5204a50,0x00000000e6680000)
 Metaspace       used 20266K, capacity 22147K, committed 24704K, reserved 1069056K
  class space    used 4376K, capacity 5121K, committed 6016K, reserved 1048576K
}
Event: 79189.337 GC heap before
{Heap before GC invocations=226 (full 4):
 PSYoungGen      total 149504K, used 134112K [0x00000000f5800000, 0x00000000fff80000, 0x0000000100000000)
  eden space 129024K, 100% used [0x00000000f5800000,0x00000000fd600000,0x00000000fd600000)
  from space 20480K, 24% used [0x00000000fd600000,0x00000000fdaf8000,0x00000000fea00000)
  to   space 19456K, 0% used [0x00000000fec80000,0x00000000fec80000,0x00000000fff80000)
 ParOldGen       total 96768K, used 75794K [0x00000000e0800000, 0x00000000e6680000, 0x00000000f5800000)
  object space 96768K, 78% used [0x00000000e0800000,0x00000000e5204a50,0x00000000e6680000)
 Metaspace       used 20266K, capacity 22147K, committed 24704K, reserved 1069056K
  class space    used 4376K, capacity 5121K, committed 6016K, reserved 1048576K
Event: 79189.355 GC heap after
Heap after GC invocations=226 (full 4):
 PSYoungGen      total 150016K, used 5664K [0x00000000f5800000, 0x00000000ffe00000, 0x0000000100000000)
  eden space 132096K, 0% used [0x00000000f5800000,0x00000000f5800000,0x00000000fd900000)
  from space 17920K, 31% used [0x00000000fec80000,0x00000000ff208000,0x00000000ffe00000)
  to   space 18944K, 0% used [0x00000000fd900000,0x00000000fd900000,0x00000000feb80000)
 ParOldGen       total 96768K, used 80794K [0x00000000e0800000, 0x00000000e6680000, 0x00000000f5800000)
  object space 96768K, 83% used [0x00000000e0800000,0x00000000e56e6a50,0x00000000e6680000)
 Metaspace       used 20266K, capacity 22147K, committed 24704K, reserved 1069056K
  class space    used 4376K, capacity 5121K, committed 6016K, reserved 1048576K
}
Event: 79189.944 GC heap before
{Heap before GC invocations=227 (full 4):
 PSYoungGen      total 150016K, used 137760K [0x00000000f5800000, 0x00000000ffe00000, 0x0000000100000000)
  eden space 132096K, 100% used [0x00000000f5800000,0x00000000fd900000,0x00000000fd900000)
  from space 17920K, 31% used [0x00000000fec80000,0x00000000ff208000,0x00000000ffe00000)
  to   space 18944K, 0% used [0x00000000fd900000,0x00000000fd900000,0x00000000feb80000)
 ParOldGen       total 96768K, used 80794K [0x00000000e0800000, 0x00000000e6680000, 0x00000000f5800000)
  object space 96768K, 83% used [0x00000000e0800000,0x00000000e56e6a50,0x00000000e6680000)
 Metaspace       used 20266K, capacity 22147K, committed 24704K, reserved 1069056K
  class space    used 4376K, capacity 5121K, committed 6016K, reserved 1048576K
Event: 79189.976 GC heap after
Heap after GC invocations=227 (full 4):
 PSYoungGen      total 151040K, used 6752K [0x00000000f5800000, 0x00000000fff00000, 0x0000000100000000)
  eden space 132096K, 0% used [0x00000000f5800000,0x00000000f5800000,0x00000000fd900000)
  from space 18944K, 35% used [0x00000000fd900000,0x00000000fdf98000,0x00000000feb80000)
  to   space 17920K, 0% used [0x00000000fed80000,0x00000000fed80000,0x00000000fff00000)
 ParOldGen       total 96768K, used 86362K [0x00000000e0800000, 0x00000000e6680000, 0x00000000f5800000)
  object space 96768K, 89% used [0x00000000e0800000,0x00000000e5c56a50,0x00000000e6680000)
 Metaspace       used 20266K, capacity 22147K, committed 24704K, reserved 1069056K
  class space    used 4376K, capacity 5121K, committed 6016K, reserved 1048576K
}
Event: 79189.978 GC heap before
{Heap before GC invocations=228 (full 5):
 PSYoungGen      total 151040K, used 6752K [0x00000000f5800000, 0x00000000fff00000, 0x0000000100000000)
  eden space 132096K, 0% used [0x00000000f5800000,0x00000000f5800000,0x00000000fd900000)
  from space 18944K, 35% used [0x00000000fd900000,0x00000000fdf98000,0x00000000feb80000)
  to   space 17920K, 0% used [0x00000000fed80000,0x00000000fed80000,0x00000000fff00000)
 ParOldGen       total 96768K, used 86362K [0x00000000e0800000, 0x00000000e6680000, 0x00000000f5800000)
  object space 96768K, 89% used [0x00000000e0800000,0x00000000e5c56a50,0x00000000e6680000)
 Metaspace       used 20266K, capacity 22147K, committed 24704K, reserved 1069056K
  class space    used 4376K, capacity 5121K, committed 6016K, reserved 1048576K

